<?xml version="1.0" encoding="UTF-8"?>
<testng-results ignored="0" total="1" passed="1" failed="0" skipped="0">
  <reporter-output>
  </reporter-output>
  <suite started-at="2022-12-12T15:42:01 IST" name="Suite" finished-at="2022-12-12T15:42:01 IST" duration-ms="90">
    <groups>
    </groups>
    <test started-at="2022-12-12T15:42:01 IST" name="Test" finished-at="2022-12-12T15:42:01 IST" duration-ms="90">
      <class name="Sample_Maven_ELF39.Sample_Maven_demoTest">
        <test-method signature="Demo()[pri:0, instance:Sample_Maven_ELF39.Sample_Maven_demoTest@22a637e7]" started-at="2022-12-12T15:42:01 IST" name="Demo" finished-at="2022-12-12T15:42:01 IST" duration-ms="15" status="PASS">
          <reporter-output>
          </reporter-output>
        </test-method> <!-- Demo -->
      </class> <!-- Sample_Maven_ELF39.Sample_Maven_demoTest -->
    </test> <!-- Test -->
  </suite> <!-- Suite -->
</testng-results>
